[INFO] Scanning for projects...
[INFO] 
[INFO] -----------------------< com.hrms:hrms-backend >------------------------
[INFO] Building hrms-backend 1.0.0
[INFO] --------------------------------[ jar ]---------------------------------
[INFO] 
[INFO] >>> spring-boot-maven-plugin:3.2.5:run (default-cli) > test-compile @ hrms-backend >>>
[INFO] 
[INFO] --- maven-resources-plugin:3.3.1:resources (default-resources) @ hrms-backend ---
[INFO] Copying 1 resource from src\main\resources to target\classes
[INFO] Copying 0 resource from src\main\resources to target\classes
[INFO] 
[INFO] --- maven-compiler-plugin:3.11.0:compile (default-compile) @ hrms-backend ---
[INFO] Nothing to compile - all classes are up to date
[INFO] 
[INFO] --- maven-resources-plugin:3.3.1:testResources (default-testResources) @ hrms-backend ---
[INFO] skip non existing resourceDirectory C:\Users\86176\hrms-spring-vue\backend\src\test\resources
[INFO] 
[INFO] --- maven-compiler-plugin:3.11.0:testCompile (default-testCompile) @ hrms-backend ---
[INFO] No sources to compile
[INFO] 
[INFO] <<< spring-boot-maven-plugin:3.2.5:run (default-cli) < test-compile @ hrms-backend <<<
[INFO] 
[INFO] 
[INFO] --- spring-boot-maven-plugin:3.2.5:run (default-cli) @ hrms-backend ---
[INFO] Attaching agents: []

  .   ____          _            __ _ _
 /\\ / ___'_ __ _ _(_)_ __  __ _ \ \ \ \
( ( )\___ | '_ | '_| | '_ \/ _` | \ \ \ \
 \\/  ___)| |_)| | | | | || (_| |  ) ) ) )
  '  |____| .__|_| |_|_| |_\__, | / / / /
 =========|_|==============|___/=/_/_/_/
 :: Spring Boot ::                (v3.2.5)

2026-04-02T13:57:29.936+08:00  INFO 26600 --- [hrms-backend] [           main] com.hrms.HrmsApplication                 : Starting HrmsApplication using Java 17.0.12 with PID 26600 (C:\Users\86176\hrms-spring-vue\backend\target\classes started by 86176 in C:\Users\86176\hrms-spring-vue\backend)
2026-04-02T13:57:29.936+08:00  INFO 26600 --- [hrms-backend] [           main] com.hrms.HrmsApplication                 : No active profile set, falling back to 1 default profile: "default"
2026-04-02T13:57:30.390+08:00  INFO 26600 --- [hrms-backend] [           main] .s.d.r.c.RepositoryConfigurationDelegate : Bootstrapping Spring Data JPA repositories in DEFAULT mode.
2026-04-02T13:57:30.461+08:00  INFO 26600 --- [hrms-backend] [           main] .s.d.r.c.RepositoryConfigurationDelegate : Finished Spring Data repository scanning in 60 ms. Found 16 JPA repository interfaces.
2026-04-02T13:57:30.871+08:00  INFO 26600 --- [hrms-backend] [           main] o.s.b.w.embedded.tomcat.TomcatWebServer  : Tomcat initialized with port 8080 (http)
2026-04-02T13:57:30.881+08:00  INFO 26600 --- [hrms-backend] [           main] o.apache.catalina.core.StandardService   : Starting service [Tomcat]
2026-04-02T13:57:30.881+08:00  INFO 26600 --- [hrms-backend] [           main] o.apache.catalina.core.StandardEngine    : Starting Servlet engine: [Apache Tomcat/10.1.20]
2026-04-02T13:57:30.931+08:00  INFO 26600 --- [hrms-backend] [           main] o.a.c.c.C.[Tomcat].[localhost].[/]       : Initializing Spring embedded WebApplicationContext
2026-04-02T13:57:30.931+08:00  INFO 26600 --- [hrms-backend] [           main] w.s.c.ServletWebServerApplicationContext : Root WebApplicationContext: initialization completed in 965 ms
2026-04-02T13:57:31.031+08:00  INFO 26600 --- [hrms-backend] [           main] o.hibernate.jpa.internal.util.LogHelper  : HHH000204: Processing PersistenceUnitInfo [name: default]
2026-04-02T13:57:31.071+08:00  INFO 26600 --- [hrms-backend] [           main] org.hibernate.Version                    : HHH000412: Hibernate ORM core version 6.4.4.Final
2026-04-02T13:57:31.091+08:00  INFO 26600 --- [hrms-backend] [           main] o.h.c.internal.RegionFactoryInitiator    : HHH000026: Second-level cache disabled
2026-04-02T13:57:31.221+08:00  INFO 26600 --- [hrms-backend] [           main] o.s.o.j.p.SpringPersistenceUnitInfo      : No LoadTimeWeaver setup: ignoring JPA class transformer
2026-04-02T13:57:31.241+08:00  INFO 26600 --- [hrms-backend] [           main] com.zaxxer.hikari.HikariDataSource       : HikariPool-1 - Starting...
2026-04-02T13:57:31.342+08:00  INFO 26600 --- [hrms-backend] [           main] com.zaxxer.hikari.pool.HikariPool        : HikariPool-1 - Added connection com.mysql.cj.jdbc.ConnectionImpl@7de5871d
2026-04-02T13:57:31.342+08:00  INFO 26600 --- [hrms-backend] [           main] com.zaxxer.hikari.HikariDataSource       : HikariPool-1 - Start completed.
2026-04-02T13:57:31.382+08:00  WARN 26600 --- [hrms-backend] [           main] org.hibernate.dialect.Dialect            : HHH000511: The 5.7.27 version for [org.hibernate.dialect.MySQLDialect] is no longer supported, hence certain features may not work properly. The minimum supported version is 8.0.0. Check the community dialects project for available legacy versions.
2026-04-02T13:57:32.119+08:00  INFO 26600 --- [hrms-backend] [           main] o.h.e.t.j.p.i.JtaPlatformInitiator       : HHH000489: No JTA platform available (set 'hibernate.transaction.jta.platform' to enable JTA platform integration)
2026-04-02T13:57:32.259+08:00  INFO 26600 --- [hrms-backend] [           main] j.LocalContainerEntityManagerFactoryBean : Initialized JPA EntityManagerFactory for persistence unit 'default'
2026-04-02T13:57:32.666+08:00  WARN 26600 --- [hrms-backend] [           main] JpaBaseConfiguration$JpaWebConfiguration : spring.jpa.open-in-view is enabled by default. Therefore, database queries may be performed during view rendering. Explicitly configure spring.jpa.open-in-view to disable this warning
2026-04-02T13:57:32.697+08:00  WARN 26600 --- [hrms-backend] [           main] .s.s.UserDetailsServiceAutoConfiguration : 

Using generated security password: fb04bf23-dd9d-41b0-b66e-b965ecd74f4c

This generated password is for development use only. Your security configuration must be updated before running your application in production.

2026-04-02T13:57:32.885+08:00  INFO 26600 --- [hrms-backend] [           main] o.s.s.web.DefaultSecurityFilterChain     : Will secure any request with [org.springframework.security.web.session.DisableEncodeUrlFilter@3e866323, org.springframework.security.web.context.request.async.WebAsyncManagerIntegrationFilter@73624529, org.springframework.security.web.context.SecurityContextHolderFilter@48900d4a, org.springframework.security.web.header.HeaderWriterFilter@6e2764c9, org.springframework.web.filter.CorsFilter@31e1c7c, org.springframework.security.web.authentication.logout.LogoutFilter@4f0381cd, com.hrms.security.JwtAuthenticationFilter@1c33e528, org.springframework.security.web.savedrequest.RequestCacheAwareFilter@452ea8f0, org.springframework.security.web.servletapi.SecurityContextHolderAwareRequestFilter@e417628, org.springframework.security.web.authentication.AnonymousAuthenticationFilter@30ae3c46, org.springframework.security.web.session.SessionManagementFilter@41c05747, org.springframework.security.web.access.ExceptionTranslationFilter@39d4f046, org.springframework.security.web.access.intercept.AuthorizationFilter@11eb8842]
2026-04-02T13:57:33.041+08:00  INFO 26600 --- [hrms-backend] [           main] o.s.b.w.embedded.tomcat.TomcatWebServer  : Tomcat started on port 8080 (http) with context path ''
2026-04-02T13:57:33.057+08:00  INFO 26600 --- [hrms-backend] [           main] com.hrms.HrmsApplication                 : Started HrmsApplication in 3.392 seconds (process running for 3.63)
2026-04-02T13:58:14.480+08:00  INFO 26600 --- [hrms-backend] [nio-8080-exec-1] o.a.c.c.C.[Tomcat].[localhost].[/]       : Initializing Spring DispatcherServlet 'dispatcherServlet'
2026-04-02T13:58:14.480+08:00  INFO 26600 --- [hrms-backend] [nio-8080-exec-1] o.s.web.servlet.DispatcherServlet        : Initializing Servlet 'dispatcherServlet'
2026-04-02T13:58:14.481+08:00  INFO 26600 --- [hrms-backend] [nio-8080-exec-1] o.s.web.servlet.DispatcherServlet        : Completed initialization in 0 ms
[INFO] ------------------------------------------------------------------------
[INFO] BUILD FAILURE
[INFO] ------------------------------------------------------------------------
[INFO] Total time:  24:58 min
[INFO] Finished at: 2026-04-02T14:22:26+08:00
[INFO] ------------------------------------------------------------------------
[ERROR] Failed to execute goal org.springframework.boot:spring-boot-maven-plugin:3.2.5:run (default-cli) on project hrms-backend: Process terminated with exit code: -1 -> [Help 1]
[ERROR] 
[ERROR] To see the full stack trace of the errors, re-run Maven with the -e switch.
[ERROR] Re-run Maven using the -X switch to enable full debug logging.
[ERROR] 
[ERROR] For more information about the errors and possible solutions, please read the following articles:
[ERROR] [Help 1] http://cwiki.apache.org/confluence/display/MAVEN/MojoExecutionException
