[INFO] Scanning for projects...
[INFO] 
[INFO] -----------------------< com.hrms:hrms-backend >------------------------
[INFO] Building hrms-backend 1.0.0
[INFO] --------------------------------[ jar ]---------------------------------
[INFO] 
[INFO] >>> spring-boot-maven-plugin:3.2.5:run (default-cli) > test-compile @ hrms-backend >>>
[INFO] 
[INFO] --- maven-resources-plugin:3.3.1:resources (default-resources) @ hrms-backend ---
[INFO] Copying 1 resource from src\main\resources to target\classes
[INFO] Copying 0 resource from src\main\resources to target\classes
[INFO] 
[INFO] --- maven-compiler-plugin:3.11.0:compile (default-compile) @ hrms-backend ---
[INFO] Nothing to compile - all classes are up to date
[INFO] 
[INFO] --- maven-resources-plugin:3.3.1:testResources (default-testResources) @ hrms-backend ---
[INFO] skip non existing resourceDirectory C:\Users\86176\hrms-spring-vue\backend\src\test\resources
[INFO] 
[INFO] --- maven-compiler-plugin:3.11.0:testCompile (default-testCompile) @ hrms-backend ---
[INFO] No sources to compile
[INFO] 
[INFO] <<< spring-boot-maven-plugin:3.2.5:run (default-cli) < test-compile @ hrms-backend <<<
[INFO] 
[INFO] 
[INFO] --- spring-boot-maven-plugin:3.2.5:run (default-cli) @ hrms-backend ---
[INFO] Attaching agents: []

  .   ____          _            __ _ _
 /\\ / ___'_ __ _ _(_)_ __  __ _ \ \ \ \
( ( )\___ | '_ | '_| | '_ \/ _` | \ \ \ \
 \\/  ___)| |_)| | | | | || (_| |  ) ) ) )
  '  |____| .__|_| |_|_| |_\__, | / / / /
 =========|_|==============|___/=/_/_/_/
 :: Spring Boot ::                (v3.2.5)

2026-04-03T09:46:18.571+08:00  INFO 17168 --- [hrms-backend] [           main] com.hrms.HrmsApplication                 : Starting HrmsApplication using Java 17.0.12 with PID 17168 (C:\Users\86176\hrms-spring-vue\backend\target\classes started by 86176 in C:\Users\86176\hrms-spring-vue\backend)
2026-04-03T09:46:18.571+08:00  INFO 17168 --- [hrms-backend] [           main] com.hrms.HrmsApplication                 : No active profile set, falling back to 1 default profile: "default"
2026-04-03T09:46:19.031+08:00  INFO 17168 --- [hrms-backend] [           main] .s.d.r.c.RepositoryConfigurationDelegate : Bootstrapping Spring Data JPA repositories in DEFAULT mode.
2026-04-03T09:46:19.091+08:00  INFO 17168 --- [hrms-backend] [           main] .s.d.r.c.RepositoryConfigurationDelegate : Finished Spring Data repository scanning in 61 ms. Found 18 JPA repository interfaces.
2026-04-03T09:46:19.522+08:00  INFO 17168 --- [hrms-backend] [           main] o.s.b.w.embedded.tomcat.TomcatWebServer  : Tomcat initialized with port 8080 (http)
2026-04-03T09:46:19.532+08:00  INFO 17168 --- [hrms-backend] [           main] o.apache.catalina.core.StandardService   : Starting service [Tomcat]
2026-04-03T09:46:19.532+08:00  INFO 17168 --- [hrms-backend] [           main] o.apache.catalina.core.StandardEngine    : Starting Servlet engine: [Apache Tomcat/10.1.20]
2026-04-03T09:46:19.572+08:00  INFO 17168 --- [hrms-backend] [           main] o.a.c.c.C.[Tomcat].[localhost].[/]       : Initializing Spring embedded WebApplicationContext
2026-04-03T09:46:19.572+08:00  INFO 17168 --- [hrms-backend] [           main] w.s.c.ServletWebServerApplicationContext : Root WebApplicationContext: initialization completed in 972 ms
2026-04-03T09:46:19.672+08:00  INFO 17168 --- [hrms-backend] [           main] o.hibernate.jpa.internal.util.LogHelper  : HHH000204: Processing PersistenceUnitInfo [name: default]
2026-04-03T09:46:19.702+08:00  INFO 17168 --- [hrms-backend] [           main] org.hibernate.Version                    : HHH000412: Hibernate ORM core version 6.4.4.Final
2026-04-03T09:46:19.722+08:00  INFO 17168 --- [hrms-backend] [           main] o.h.c.internal.RegionFactoryInitiator    : HHH000026: Second-level cache disabled
2026-04-03T09:46:19.863+08:00  INFO 17168 --- [hrms-backend] [           main] o.s.o.j.p.SpringPersistenceUnitInfo      : No LoadTimeWeaver setup: ignoring JPA class transformer
2026-04-03T09:46:19.883+08:00  INFO 17168 --- [hrms-backend] [           main] com.zaxxer.hikari.HikariDataSource       : HikariPool-1 - Starting...
2026-04-03T09:46:19.983+08:00  INFO 17168 --- [hrms-backend] [           main] com.zaxxer.hikari.pool.HikariPool        : HikariPool-1 - Added connection com.mysql.cj.jdbc.ConnectionImpl@43786627
2026-04-03T09:46:19.983+08:00  INFO 17168 --- [hrms-backend] [           main] com.zaxxer.hikari.HikariDataSource       : HikariPool-1 - Start completed.
2026-04-03T09:46:20.013+08:00  WARN 17168 --- [hrms-backend] [           main] org.hibernate.dialect.Dialect            : HHH000511: The 5.7.27 version for [org.hibernate.dialect.MySQLDialect] is no longer supported, hence certain features may not work properly. The minimum supported version is 8.0.0. Check the community dialects project for available legacy versions.
2026-04-03T09:46:20.740+08:00  INFO 17168 --- [hrms-backend] [           main] o.h.e.t.j.p.i.JtaPlatformInitiator       : HHH000489: No JTA platform available (set 'hibernate.transaction.jta.platform' to enable JTA platform integration)
2026-04-03T09:46:20.819+08:00  INFO 17168 --- [hrms-backend] [           main] j.LocalContainerEntityManagerFactoryBean : Initialized JPA EntityManagerFactory for persistence unit 'default'
2026-04-03T09:46:21.259+08:00  WARN 17168 --- [hrms-backend] [           main] JpaBaseConfiguration$JpaWebConfiguration : spring.jpa.open-in-view is enabled by default. Therefore, database queries may be performed during view rendering. Explicitly configure spring.jpa.open-in-view to disable this warning
2026-04-03T09:46:21.290+08:00  WARN 17168 --- [hrms-backend] [           main] .s.s.UserDetailsServiceAutoConfiguration : 

Using generated security password: ad2a3450-312e-4708-95cb-5ec404c70621

This generated password is for development use only. Your security configuration must be updated before running your application in production.

2026-04-03T09:46:21.479+08:00  INFO 17168 --- [hrms-backend] [           main] o.s.s.web.DefaultSecurityFilterChain     : Will secure any request with [org.springframework.security.web.session.DisableEncodeUrlFilter@44a7a331, org.springframework.security.web.context.request.async.WebAsyncManagerIntegrationFilter@72f71ea2, org.springframework.security.web.context.SecurityContextHolderFilter@3299e315, org.springframework.security.web.header.HeaderWriterFilter@5e8f0c54, org.springframework.web.filter.CorsFilter@5a097a83, org.springframework.security.web.authentication.logout.LogoutFilter@bedebe9, com.hrms.security.JwtAuthenticationFilter@16132f21, org.springframework.security.web.savedrequest.RequestCacheAwareFilter@403ba39f, org.springframework.security.web.servletapi.SecurityContextHolderAwareRequestFilter@520e6089, org.springframework.security.web.authentication.AnonymousAuthenticationFilter@10d8769e, org.springframework.security.web.session.SessionManagementFilter@4ab1693b, org.springframework.security.web.access.ExceptionTranslationFilter@6cca70e3, org.springframework.security.web.access.intercept.AuthorizationFilter@55fc6344]
2026-04-03T09:46:21.635+08:00  INFO 17168 --- [hrms-backend] [           main] o.s.b.w.embedded.tomcat.TomcatWebServer  : Tomcat started on port 8080 (http) with context path ''
2026-04-03T09:46:21.635+08:00  INFO 17168 --- [hrms-backend] [           main] com.hrms.HrmsApplication                 : Started HrmsApplication in 3.336 seconds (process running for 3.605)
