[2m13:54:20[22m [31m[1m[vite][22m[39m Pre-transform error: Failed to resolve import "@/views/recruitment/Requirements.vue" from "src/router/index.ts". Does the file exist?
[2m13:54:20[22m [31m[1m[vite][22m[39m [31mInternal server error: Failed to resolve import "@/views/recruitment/Requirements.vue" from "src/router/index.ts". Does the file exist?[39m
  Plugin: [35mvite:import-analysis[39m
  File: [36mC:/Users/86176/hrms-spring-vue/frontend/src/router/index.ts[39m:27:102
[33m  24 |          { path: "/finance/assets", name: "financeAssets", component: () => import("@/views/finance/Assets.vue") },
  25 |          { path: "/finance/approvals", name: "financeApprovals", component: () => import("@/views/finance/Approvals.vue") },
  26 |          { path: "/recruitment/requirements", name: "recruitmentRequirements", component: () => import("@/views/recruitment/Requirements.vue") },
     |                                                                                                        ^
  27 |          { path: "/recruitment/positions", name: "recruitmentPositions", component: () => import("@/views/recruitment/Positions.vue") },
  28 |          { path: "/recruitment/candidates", name: "recruitmentCandidates", component: () => import("@/views/recruitment/Candidates.vue") }[39m
      at TransformPluginContext._formatError (file:///C:/Users/86176/hrms-spring-vue/frontend/node_modules/vite/dist/node/chunks/dep-BK3b2jBa.js:49258:41)
      at TransformPluginContext.error (file:///C:/Users/86176/hrms-spring-vue/frontend/node_modules/vite/dist/node/chunks/dep-BK3b2jBa.js:49253:16)
      at normalizeUrl (file:///C:/Users/86176/hrms-spring-vue/frontend/node_modules/vite/dist/node/chunks/dep-BK3b2jBa.js:64307:23)
      at process.processTicksAndRejections (node:internal/process/task_queues:95:5)
      at async file:///C:/Users/86176/hrms-spring-vue/frontend/node_modules/vite/dist/node/chunks/dep-BK3b2jBa.js:64439:39
      at async Promise.all (index 17)
      at async TransformPluginContext.transform (file:///C:/Users/86176/hrms-spring-vue/frontend/node_modules/vite/dist/node/chunks/dep-BK3b2jBa.js:64366:7)
      at async PluginContainer.transform (file:///C:/Users/86176/hrms-spring-vue/frontend/node_modules/vite/dist/node/chunks/dep-BK3b2jBa.js:49099:18)
      at async loadAndTransform (file:///C:/Users/86176/hrms-spring-vue/frontend/node_modules/vite/dist/node/chunks/dep-BK3b2jBa.js:51978:27)
      at async viteTransformMiddleware (file:///C:/Users/86176/hrms-spring-vue/frontend/node_modules/vite/dist/node/chunks/dep-BK3b2jBa.js:62106:24)
[2m14:53:06[22m [31m[1m[vite][22m[39m Pre-transform error: Failed to resolve import "@/views/care/Plans.vue" from "src/router/index.ts". Does the file exist?
[2m14:53:06[22m [31m[1m[vite][22m[39m [31mInternal server error: Failed to resolve import "@/views/care/Plans.vue" from "src/router/index.ts". Does the file exist?[39m
  Plugin: [35mvite:import-analysis[39m
  File: [36mC:/Users/86176/hrms-spring-vue/frontend/src/router/index.ts[39m:31:74
[33m  28 |          { path: "/recruitment/candidates", name: "recruitmentCandidates", component: () => import("@/views/recruitment/Candidates.vue") },
  29 |          { path: "/recruitment/referrals", name: "recruitmentReferrals", component: () => import("@/views/recruitment/Candidates.vue") },
  30 |          { path: "/care/plans", name: "carePlans", component: () => import("@/views/care/Plans.vue") },
     |                                                                            ^
  31 |          { path: "/care/records", name: "careRecords", component: () => import("@/views/care/Records.vue") },
  32 |          { path: "/care/stats", name: "careStats", component: () => import("@/views/care/Stats.vue") }[39m
      at TransformPluginContext._formatError (file:///C:/Users/86176/hrms-spring-vue/frontend/node_modules/vite/dist/node/chunks/dep-BK3b2jBa.js:49258:41)
      at TransformPluginContext.error (file:///C:/Users/86176/hrms-spring-vue/frontend/node_modules/vite/dist/node/chunks/dep-BK3b2jBa.js:49253:16)
      at normalizeUrl (file:///C:/Users/86176/hrms-spring-vue/frontend/node_modules/vite/dist/node/chunks/dep-BK3b2jBa.js:64307:23)
      at process.processTicksAndRejections (node:internal/process/task_queues:95:5)
      at async file:///C:/Users/86176/hrms-spring-vue/frontend/node_modules/vite/dist/node/chunks/dep-BK3b2jBa.js:64439:39
      at async Promise.all (index 21)
      at async TransformPluginContext.transform (file:///C:/Users/86176/hrms-spring-vue/frontend/node_modules/vite/dist/node/chunks/dep-BK3b2jBa.js:64366:7)
      at async PluginContainer.transform (file:///C:/Users/86176/hrms-spring-vue/frontend/node_modules/vite/dist/node/chunks/dep-BK3b2jBa.js:49099:18)
      at async loadAndTransform (file:///C:/Users/86176/hrms-spring-vue/frontend/node_modules/vite/dist/node/chunks/dep-BK3b2jBa.js:51978:27)
      at async viteTransformMiddleware (file:///C:/Users/86176/hrms-spring-vue/frontend/node_modules/vite/dist/node/chunks/dep-BK3b2jBa.js:62106:24)
^C^C